<?xml version="1.0" encoding="utf-8"?><testsuites name="pytest tests"><testsuite name="pytest" errors="0" failures="0" skipped="0" tests="9" time="2.115" timestamp="2026-09-09T05:05:33.991914+00:00" hostname="agent-env-87401e9f-e09e-4b89-98fd-3046ade6f166"><testcase classname="tests.backend_test" name="test_health" time="0.184" /><testcase classname="tests.backend_test" name="test_root" time="0.121" /><testcase classname="tests.backend_test" name="test_contact_create_valid_and_persist" time="0.304" /><testcase classname="tests.backend_test" name="test_contact_empty_message_400" time="0.110" /><testcase classname="tests.backend_test" name="test_contact_invalid_email_422" time="0.181" /><testcase classname="tests.backend_test" name="test_contact_list_sorted_desc" time="0.113" /><testcase classname="tests.backend_test" name="test_demo_create_valid_and_persist" time="0.237" /><testcase classname="tests.backend_test" name="test_demo_invalid_email_422" time="0.117" /><testcase classname="tests.backend_test" name="test_demo_list" time="0.164" /></testsuite></testsuites>