<?xml version="1.0" encoding="utf-8"?><testsuites name="pytest tests"><testsuite name="pytest" errors="0" failures="0" skipped="0" tests="9" time="2.796" timestamp="2026-07-17T04:40:21.471367+00:00" hostname="agent-env-7b62a365-e363-414f-b2ff-f92909adecaf"><testcase classname="tests.backend_test" name="test_health" time="0.622" /><testcase classname="tests.backend_test" name="test_root" time="0.102" /><testcase classname="tests.backend_test" name="test_contact_create_valid_and_persist" time="0.396" /><testcase classname="tests.backend_test" name="test_contact_empty_message_400" time="0.131" /><testcase classname="tests.backend_test" name="test_contact_invalid_email_422" time="0.159" /><testcase classname="tests.backend_test" name="test_contact_list_sorted_desc" time="0.104" /><testcase classname="tests.backend_test" name="test_demo_create_valid_and_persist" time="0.488" /><testcase classname="tests.backend_test" name="test_demo_invalid_email_422" time="0.097" /><testcase classname="tests.backend_test" name="test_demo_list" time="0.134" /></testsuite></testsuites>